2025-07-19T20:05:56 update: added /$uicideboy$ - Kill Yourself (Part III).mp3
2025-07-19T20:05:56 update: added /Apricot, Zentreya - Rainy Day.mp3
2025-07-19T20:05:56 update: added /Arizona Zervas - ROXANNE.mp3
2025-07-19T20:05:56 update: added /Big Rush - A Última Queda do Amor.mp3
2025-07-19T20:05:56 update: added /Big Rush - Eu posso ser mais.mp3
2025-07-19T20:05:56 update: added /Big Rush - Poxa.mp3
2025-07-19T20:05:56 update: added /Big Rush, Plumasdecera - BAIXA TEMPERATURA.mp3
2025-07-19T20:05:56 update: added /Big Rush, VirginGod - SÓLIDO.mp3
2025-07-19T20:05:56 update: added /Blxck - Canônico, Miguel O'Hara.mp3
2025-07-19T20:05:56 update: added /Bohnes - Middle Finger.mp3
2025-07-19T20:05:56 update: added /BONES - HDMI.mp3
2025-07-19T20:05:56 update: added /Braxton Knight, levi - BOCCHI THE ROCK!.mp3
2025-07-19T20:05:56 update: added /Carlie Hanson - 608.mp3
2025-07-19T20:05:56 update: added /Chrono Rapper - Arlecchino- A Serva.mp3
2025-07-19T20:05:56 update: added /Cjbeards - Maestro.mp3
2025-07-19T20:05:56 update: added /DaniBoy., Stone021 - Planos (SpeedPlug).mp3
2025-07-19T20:05:56 update: added /Dexhenry, pedrwthekid, nateshawty, rxmisz - planos.mp3
2025-07-19T20:05:56 update: added /Dido - Thank You.mp3
2025-07-19T20:05:56 update: added /Dj Gui Marques - Ai Minha Bucetinha.mp3
2025-07-19T20:05:56 update: added /Duzz, Rubro - Patrício's.mp3
2025-07-19T20:05:56 update: added /Dybbukk - Enim er'u.mp3
2025-07-19T20:05:56 update: added /Evanescence - Bring Me To Life.mp3
2025-07-19T20:05:56 update: added /Get Scared - Fail.mp3
2025-07-19T20:05:56 update: added /Get Scared - Mess.mp3
2025-07-19T20:05:56 update: added /Get Scared - Moving.mp3
2025-07-19T20:05:56 update: added /Get Scared - Parade.mp3
2025-07-19T20:05:56 update: added /Get Scared - Sarcasm.mp3
2025-07-19T20:05:56 update: added /Get Scared - Voodoo.mp3
2025-07-19T20:05:56 update: added /Get Scared - Wrong.mp3
2025-07-19T20:05:56 update: added /girl in red - we fell in love in october.mp3
2025-07-19T20:05:56 update: added /Glorb - The Bottom 3.mp3
2025-07-19T20:05:56 update: added /Guilherme Cabral - Meus Defeitos.mp3
2025-07-19T20:05:56 update: added /ikilledgenji, Rivatto - mil e uma noites.mp3
2025-07-19T20:05:56 update: added /INTERWORLD - METAMORPHOSIS.mp3
2025-07-19T20:05:56 update: added /Iron Master, Eveline Teach - Para Todo Sempre  MiSide  Iron Master.mp3
2025-07-19T20:05:56 update: added /Isaa Corva, Sugi Aoki - Die With A Smile.mp3
2025-07-19T20:05:56 update: added /Joji - Die For You.mp3
2025-07-19T20:05:56 update: added /Joji - worldstar money (interlude).mp3
2025-07-19T20:05:56 update: added /kamaitachi - Alice.mp3
2025-07-19T20:05:56 update: added /kamaitachi - Lana.mp3
2025-07-19T20:05:56 update: added /kamaitachi - Triste Satan.mp3
2025-07-19T20:05:56 update: added /KayBlack, Wall Hein, AMUSIK - Maturidade.mp3
2025-07-19T20:05:56 update: added /klouvz, Raryfer, CT - tesla.mp3
2025-07-19T20:05:56 update: added /Konai - Bêbados Apaixonados.mp3
2025-07-19T20:05:56 update: added /Konai - Te Vi na Rua Ontem.mp3
2025-07-19T20:05:56 update: added /Konai, Kadu Brown - Cidade Lunar.mp3
2025-07-19T20:05:56 update: added /Kudasaibeats - The Girl I Haven't Met.mp3
2025-07-19T20:05:56 update: added /Lana Del Rey - Radio.mp3
2025-07-19T20:05:56 update: added /Lil Peep - Life is Beautiful.mp3
2025-07-19T20:05:56 update: added /lilgiela33 - Merdas Acontecem.mp3
2025-07-19T20:05:56 update: added /LKZ na Voz - Vampira.mp3
2025-07-19T20:05:56 update: added /loreskrr - Butterfly.mp3
2025-07-19T20:05:56 update: added /LorShaw, Jayeric - Dragões.mp3
2025-07-19T20:05:56 update: added /Lutz, Lookalike - Cura.mp3
2025-07-19T20:05:56 update: added /luunalune - another reason why.mp3
2025-07-19T20:05:56 update: added /Magyn - kyoto.mp3
2025-07-19T20:05:56 update: added /Matuê - Anos Luz.mp3
2025-07-19T20:05:56 update: added /Matuê - Like This!.mp3
2025-07-19T20:05:56 update: added /Matuê, Rich The Kid - Conexões de Máfia (feat. Rich The Kid).mp3
2025-07-19T20:05:56 update: added /Men I Trust - Show Me How.mp3
2025-07-19T20:05:56 update: added /miseryswin - feiticeiro (eu merecia essa dança tanto assim).mp3
2025-07-19T20:05:56 update: added /MISSIO - Twisted.mp3
2025-07-19T20:05:56 update: added /Mitski - Washing Machine Heart.mp3
2025-07-19T20:05:56 update: added /Mr.Kitty - After Dark.mp3
2025-07-19T20:05:56 update: added /Nick Saraiva - Natsuki.mp3
2025-07-19T20:05:56 update: added /nihmune, Shylily, Bao The Whale, Neuro-sama, camila, Lucy Pyre, evil - Bottom 2.mp3
2025-07-19T20:05:56 update: added /Nirvana - About A Girl.mp3
2025-07-19T20:05:56 update: added /Nirvana - All Apologies.mp3
2025-07-19T20:05:56 update: added /Nirvana - Come As You Are.mp3
2025-07-19T20:05:56 update: added /Nirvana - Smells Like Teen Spirit.mp3
2025-07-19T20:05:56 update: added /Nirvana - The Man Who Sold The World - Live.mp3
2025-07-19T20:05:56 update: added /Pastel Ghost - Embrace.mp3
2025-07-19T20:05:56 update: added /Pearl Jam - Black.mp3
2025-07-19T20:05:56 update: added /PinocchioP - God-ish.mp3
2025-07-19T20:05:56 update: added /pluglip - Rpg.mp3
2025-07-19T20:05:56 update: added /Sadstation, Zant - Tô Meio Apaixonado.mp3
2025-07-19T20:05:56 update: added /Shiny_sz, oShaman - Acordes e Sons.mp3
2025-07-19T20:05:56 update: added /Sid, NOG, André Nine, Chiocki - Sitio do Tio Harry.mp3
2025-07-19T20:05:56 update: added /Somber, Warlord Colossus - Take Me Away.mp3
2025-07-19T20:05:56 update: added /Surf Curse - Freaks.mp3
2025-07-19T20:05:56 update: added /TakaB - Rei dos Pesadelos.mp3
2025-07-19T20:05:56 update: added /Thegust Mc's - Meio a Meio II.mp3
2025-07-19T20:05:56 update: added /Thegust Mc's - Meio a Meio.mp3
2025-07-19T20:05:56 update: added /ThxSoMch - SPIT IN MY FACE!.mp3
2025-07-19T20:05:56 update: added /timmies, Shiloh Dynasty - Tell Me Why I'm Waiting.mp3
2025-07-19T20:05:56 update: added /TOKYOPILL - Club Cyberia.mp3
2025-07-19T20:05:56 update: added /TOKYOPILL - Let's All Love Lain.mp3
2025-07-19T20:05:56 update: added /twikipedia - anyone but you.mp3
2025-07-19T20:05:56 update: added /twikipedia - figure me out.mp3
2025-07-19T20:05:56 update: added /twikipedia - final feliz.mp3
2025-07-19T20:05:56 update: added /twikipedia - understand.mp3
2025-07-19T20:05:56 update: added /twikipedia, funeral - titles.mp3
2025-07-19T20:05:56 update: added /twikipedia, midwxst - born to pwn.mp3
2025-07-19T20:05:56 update: added /twikipedia, SEBii - hotel.mp3
2025-07-19T20:05:56 update: added /Vansire - From the Subway Train.mp3
2025-07-19T20:05:56 update: added /Veigh, Bvga Beatz, Prod Malax, Supernova Ent - Novo Balanço.mp3
2025-07-19T20:05:56 update: added /Veigh, Niink, Bvga Beatz, Supernova Ent, JHXW - Clickbait.mp3
2025-07-19T20:05:56 update: added /VirginGod - deixe seu recado.mp3
2025-07-19T20:05:56 update: added /VirginGod - sera q ela volta.mp3
2025-07-19T20:05:56 update: added /VirginGod, Big Rush - Amor & Drogas.mp3
2025-07-19T20:05:56 update: added /VirginGod, twikipedia - neymar.mp3
2025-07-19T20:05:56 update: added /VMZ - Baka.mp3
2025-07-19T20:05:56 update: added /VMZ - Suzume.mp3
2025-07-19T20:05:56 update: added /VMZ, Sadstation - A Dama e o Vagabundo.mp3
2025-07-19T20:05:56 update: added /Warlord Colossus, Dozy Doe - Burn The Ships.mp3
2025-07-19T20:05:56 update: added /Yago Oproprio, Rô Rosa, Skeeter Beats - Imprevisto.mp3
2025-07-19T20:05:56 update: added /結束バンド - あのバンド.mp3
2025-07-19T20:05:56 update: added /結束バンド - ギターと孤独と蒼い惑星.mp3
2025-07-19T20:05:56 update: added /結束バンド - ドッペルゲンガー.mp3
2025-07-19T20:05:56 update: added /結束バンド - 今、僕、アンダーグラウンドから.mp3
2025-07-19T20:05:56 update: added /結束バンド - 惑う星.mp3
2025-07-19T20:05:56 update: added /結束バンド - 星座になれたら.mp3
2025-07-19T20:05:56 update: added /結束バンド - 青春コンプレックス.mp3
2025-07-19T20:05:56 update: added /高橋あず美, Lotus Juice, アトラスサウンドチーム, ATLUS GAME MUSIC - It's Going Down Now.mp3
2025-07-19T20:09:34 player: played "Carlie Hanson - 608.mp3"
2025-07-19T20:17:32 player: played "Carlie Hanson - 608.mp3"
2025-07-19T20:19:26 player: played "Big Rush - A Última Queda do Amor.mp3"
2025-07-19T20:23:37 player: played "Carlie Hanson - 608.mp3"
2025-07-19T20:26:47 player: played "VMZ, Sadstation - A Dama e o Vagabundo.mp3"
2025-07-19T20:28:23 player: played "TOKYOPILL - Club Cyberia.mp3"
2025-07-19T20:31:49 player: played "Thegust Mc's - Meio a Meio.mp3"
2025-07-19T20:35:16 player: played "Lil Peep - Life is Beautiful.mp3"
2025-07-19T20:57:06 player: played "LorShaw, Jayeric - Dragões.mp3"
2025-07-19T20:59:24 player: played "Dybbukk - Enim er'u.mp3"
2025-07-19T21:01:47 player: played "VirginGod, twikipedia - neymar.mp3"
2025-07-19T21:06:13 player: played "Thegust Mc's - Meio a Meio II.mp3"
2025-07-19T21:09:00 player: played "lilgiela33 - Merdas Acontecem.mp3"
2025-07-19T21:11:23 player: played "INTERWORLD - METAMORPHOSIS.mp3"
2025-07-19T21:13:08 player: played "Guilherme Cabral - Meus Defeitos.mp3"
2025-07-19T21:15:48 player: played "ikilledgenji, Rivatto - mil e uma noites.mp3"
2025-07-19T21:19:50 player: played "Carlie Hanson - 608.mp3"
2025-07-19T21:21:45 player: played "Big Rush - Poxa.mp3"
2025-07-19T21:23:21 player: played "TOKYOPILL - Club Cyberia.mp3"
2025-07-19T21:29:06 player: played "Get Scared - Mess.mp3"
2025-07-19T21:31:38 player: played "Dybbukk - Enim er'u.mp3"
2025-07-19T21:51:43 player: played "Veigh, Bvga Beatz, Prod Malax, Supernova Ent - Novo Balanço.mp3"
2025-07-19T22:41:52 update: added /Marcs Shawty, mavyrmldy - design de anime 2.mp3
2025-07-19T22:41:52 update: added /miseryswin - veneno.mp3
2025-07-19T22:47:37 player: played "Blxck - Canônico, Miguel O'Hara.mp3"
2025-07-19T22:51:28 player: played "LorShaw, Jayeric - Dragões.mp3"
2025-07-19T22:53:39 player: played "pluglip - Rpg.mp3"
2025-07-19T22:57:58 player: played "Mr.Kitty - After Dark.mp3"
2025-07-19T23:01:54 player: played "Evanescence - Bring Me To Life.mp3"
2025-07-19T23:06:35 player: played "Blxck - Canônico, Miguel O'Hara.mp3"
2025-07-19T23:06:51 player: played "Big Rush, Plumasdecera - BAIXA TEMPERATURA.mp3"
2025-07-19T23:33:12 player: played "Big Rush, Plumasdecera - BAIXA TEMPERATURA.mp3"
2025-07-20T13:57:48 player: played "Big Rush, Plumasdecera - BAIXA TEMPERATURA.mp3"
2025-07-20T16:06:16 player: played "Big Rush, Plumasdecera - BAIXA TEMPERATURA.mp3"
2025-07-20T17:20:17 player: played "Carlie Hanson - 608.mp3"
2025-07-20T17:22:36 player: played "Big Rush - Eu posso ser mais.mp3"
2025-07-20T17:26:01 player: played "結束バンド - 青春コンプレックス.mp3"
2025-07-20T17:30:15 player: played "Isaa Corva, Sugi Aoki - Die With A Smile.mp3"
2025-07-20T17:32:25 player: played "Magyn - kyoto.mp3"
2025-07-20T18:50:34 player: played "Men I Trust - Show Me How.mp3"
2025-07-20T19:32:45 player: played "Men I Trust - Show Me How.mp3"
2025-07-21T00:51:20 player: played "Men I Trust - Show Me How.mp3"
2025-07-21T19:02:53 player: played "Carlie Hanson - 608.mp3"
2025-07-21T19:04:16 player: played "loreskrr - Butterfly.mp3"
2025-07-21T19:31:54 player: played "twikipedia - final feliz.mp3"
2025-07-21T19:34:40 player: played "LKZ na Voz - Vampira.mp3"
2025-07-21T19:37:20 player: played "Big Rush, Plumasdecera - BAIXA TEMPERATURA.mp3"
2025-07-21T19:39:38 player: played "Dybbukk - Enim er'u.mp3"
2025-07-21T19:44:19 player: played "結束バンド - 惑う星.mp3"
2025-07-21T19:46:53 player: played "DaniBoy., Stone021 - Planos (SpeedPlug).mp3"
2025-07-21T19:49:13 player: played "BONES - HDMI.mp3"
2025-07-21T19:51:24 player: played "Somber, Warlord Colossus - Take Me Away.mp3"
2025-07-21T19:55:06 player: played "MISSIO - Twisted.mp3"
2025-07-21T19:59:30 player: played "Matuê - Anos Luz.mp3"
2025-07-21T20:01:25 player: played "Big Rush - Poxa.mp3"
2025-07-21T20:03:39 player: played "twikipedia, midwxst - born to pwn.mp3"
2025-07-21T20:08:20 player: played "Blxck - Canônico, Miguel O'Hara.mp3"
2025-07-21T20:10:45 player: played "twikipedia, funeral - titles.mp3"
2025-07-21T20:14:00 player: played "Kudasaibeats - The Girl I Haven't Met.mp3"
2025-07-21T20:16:43 player: played "Arizona Zervas - ROXANNE.mp3"
2025-07-21T20:20:01 player: played "Get Scared - Sarcasm.mp3"
2025-07-21T20:22:47 player: played "Sadstation, Zant - Tô Meio Apaixonado.mp3"
2025-07-21T20:26:40 player: played "Nirvana - All Apologies.mp3"
2025-07-21T20:28:23 player: played "VirginGod - sera q ela volta.mp3"
2025-07-21T20:30:04 player: played "VirginGod - deixe seu recado.mp3"
2025-07-21T20:31:49 player: played "Guilherme Cabral - Meus Defeitos.mp3"
2025-07-21T20:36:08 player: played "結束バンド - 今、僕、アンダーグラウンドから.mp3"
2025-07-21T20:38:30 player: played "KayBlack, Wall Hein, AMUSIK - Maturidade.mp3"
2025-07-21T20:43:20 player: played "Thegust Mc's - Meio a Meio.mp3"
2025-07-21T20:46:07 player: played "Nirvana - About A Girl.mp3"
2025-07-21T20:49:18 player: played "Glorb - The Bottom 3.mp3"
2025-07-21T20:53:08 player: played "VMZ - Baka.mp3"
2025-07-21T20:56:32 player: played "Pastel Ghost - Embrace.mp3"
2025-07-21T21:00:50 player: played "結束バンド - 星座になれたら.mp3"
2025-07-21T21:03:42 player: played "kamaitachi - Lana.mp3"
2025-07-21T21:06:14 player: played "twikipedia - figure me out.mp3"
2025-07-21T21:09:21 player: played "miseryswin - feiticeiro (eu merecia essa dança tanto assim).mp3"
2025-07-21T21:13:40 player: played "Mr.Kitty - After Dark.mp3"
2025-07-21T21:17:21 player: played "Get Scared - Parade.mp3"
2025-07-21T21:19:48 player: played "ThxSoMch - SPIT IN MY FACE!.mp3"
2025-07-21T21:22:45 player: played "Get Scared - Voodoo.mp3"
2025-07-21T21:26:13 player: played "Matuê - Like This!.mp3"
2025-07-21T21:29:02 player: played "Konai, Kadu Brown - Cidade Lunar.mp3"
2025-07-21T21:32:22 player: played "LorShaw, Jayeric - Dragões.mp3"
2025-07-21T21:34:36 player: played "Nick Saraiva - Natsuki.mp3"
2025-07-21T21:57:14 player: played "Get Scared - Sarcasm.mp3"
2025-07-21T21:59:39 player: played "$uicideboy$ - Kill Yourself (Part III).mp3"
2025-07-21T22:03:05 player: played "kamaitachi - Alice.mp3"
2025-07-21T22:05:21 player: played "Big Rush, VirginGod - SÓLIDO.mp3"
2025-07-21T22:07:48 player: played "ikilledgenji, Rivatto - mil e uma noites.mp3"
2025-07-21T22:10:13 player: played "Dexhenry, pedrwthekid, nateshawty, rxmisz - planos.mp3"
2025-07-21T22:15:54 player: played "LorShaw, Jayeric - Dragões.mp3"
2025-07-21T22:16:59 player: played "kamaitachi - Triste Satan.mp3"
2025-07-21T22:20:33 player: played "結束バンド - あのバンド.mp3"
2025-07-21T22:24:14 player: played "Matuê, Rich The Kid - Conexões de Máfia (feat. Rich The Kid).mp3"
2025-07-21T22:26:18 player: played "timmies, Shiloh Dynasty - Tell Me Why I'm Waiting.mp3"
2025-07-21T22:29:43 player: played "PinocchioP - God-ish.mp3"
2025-07-21T22:32:03 player: played "Yago Oproprio, Rô Rosa, Skeeter Beats - Imprevisto.mp3"
2025-07-21T22:34:04 player: played "Thegust Mc's - Meio a Meio II.mp3"
2025-07-21T22:36:29 player: played "twikipedia, SEBii - hotel.mp3"
2025-07-21T22:40:09 player: played "VMZ - Suzume.mp3"
2025-07-21T22:43:06 player: played "nihmune, Shylily, Bao The Whale, Neuro-sama, camila, Lucy Pyre, evil - Bottom 2.mp3"
2025-07-21T22:45:33 player: played "Surf Curse - Freaks.mp3"
2025-07-21T22:47:55 player: played "INTERWORLD - METAMORPHOSIS.mp3"
2025-07-21T22:50:45 player: played "TakaB - Rei dos Pesadelos.mp3"
2025-07-21T22:54:19 player: played "Konai - Bêbados Apaixonados.mp3"
2025-07-21T22:57:25 player: played "高橋あず美, Lotus Juice, アトラスサウンドチーム, ATLUS GAME MUSIC - It's Going Down Now.mp3"
2025-07-21T23:01:15 player: played "Bohnes - Middle Finger.mp3"
2025-07-21T23:05:04 player: played "結束バンド - ギターと孤独と蒼い惑星.mp3"
2025-07-21T23:08:51 player: played "Iron Master, Eveline Teach - Para Todo Sempre  MiSide  Iron Master.mp3"
2025-07-21T23:10:41 player: played "Warlord Colossus, Dozy Doe - Burn The Ships.mp3"
2025-07-21T23:13:23 player: played "Cjbeards - Maestro.mp3"
2025-07-21T23:19:26 player: played "Sid, NOG, André Nine, Chiocki - Sitio do Tio Harry.mp3"
2025-07-21T23:21:22 player: played "twikipedia - understand.mp3"
2025-07-21T23:25:18 player: played "Evanescence - Bring Me To Life.mp3"
2025-07-21T23:27:30 player: played "klouvz, Raryfer, CT - tesla.mp3"
2025-07-21T23:30:58 player: played "Lil Peep - Life is Beautiful.mp3"
2025-07-21T23:32:52 player: played "Big Rush - A Última Queda do Amor.mp3"
2025-07-22T00:19:40 player: played "Big Rush - Eu posso ser mais.mp3"
2025-07-22T17:30:53 player: played "Big Rush - Eu posso ser mais.mp3"
2025-07-22T17:35:33 player: played "Big Rush - Eu posso ser mais.mp3"
2025-07-22T19:51:36 player: played "Big Rush - Eu posso ser mais.mp3"
2025-07-22T22:05:40 player: played "Big Rush - Eu posso ser mais.mp3"
2025-07-22T22:08:08 player: played "TOKYOPILL - Let's All Love Lain.mp3"
2025-07-22T22:11:34 player: played "kamaitachi - Alice.mp3"
2025-07-22T22:13:44 player: played "VirginGod, twikipedia - neymar.mp3"
2025-07-22T22:15:38 player: played "Big Rush - A Última Queda do Amor.mp3"
2025-07-22T22:17:52 player: played "Nick Saraiva - Natsuki.mp3"
2025-07-22T22:21:31 player: played "結束バンド - ドッペルゲンガー.mp3"
2025-07-22T22:23:54 player: played "INTERWORLD - METAMORPHOSIS.mp3"
2025-07-22T22:28:08 player: played "Isaa Corva, Sugi Aoki - Die With A Smile.mp3"
2025-07-22T22:31:26 player: played "twikipedia - anyone but you.mp3"
2025-07-22T22:35:08 player: played "Matuê, Rich The Kid - Conexões de Máfia (feat. Rich The Kid).mp3"
2025-07-22T22:37:30 player: played "KayBlack, Wall Hein, AMUSIK - Maturidade.mp3"
2025-07-22T22:39:25 player: played "Big Rush - Poxa.mp3"
2025-07-22T22:43:12 player: played "Iron Master, Eveline Teach - Para Todo Sempre  MiSide  Iron Master.mp3"
2025-07-22T22:45:40 player: played "ThxSoMch - SPIT IN MY FACE!.mp3"
2025-07-22T22:48:52 player: played "Lutz, Lookalike - Cura.mp3"
2025-07-22T22:51:11 player: played "Thegust Mc's - Meio a Meio.mp3"
2025-07-22T22:53:59 player: played "Dexhenry, pedrwthekid, nateshawty, rxmisz - planos.mp3"
2025-07-22T22:56:07 player: played "Konai - Te Vi na Rua Ontem.mp3"
2025-07-22T23:02:44 player: played "Glorb - The Bottom 3.mp3"
2025-07-22T23:09:17 player: played "miseryswin - feiticeiro (eu merecia essa dança tanto assim).mp3"
2025-07-22T23:11:25 player: played "Mitski - Washing Machine Heart.mp3"
2025-07-22T23:13:35 player: played "Magyn - kyoto.mp3"
2025-07-22T23:15:54 player: played "Dybbukk - Enim er'u.mp3"
2025-07-22T23:17:17 player: played "loreskrr - Butterfly.mp3"
2025-07-22T23:20:57 player: played "VMZ - Suzume.mp3"
2025-07-22T23:28:06 player: played "Duzz, Rubro - Patrício's.mp3"
2025-07-22T23:32:10 player: played "Get Scared - Mess.mp3"
2025-07-22T23:34:56 player: played "lilgiela33 - Merdas Acontecem.mp3"
2025-07-22T23:37:23 player: played "Surf Curse - Freaks.mp3"
2025-07-22T23:42:15 player: played "Sid, NOG, André Nine, Chiocki - Sitio do Tio Harry.mp3"
2025-07-22T23:46:56 player: played "Blxck - Canônico, Miguel O'Hara.mp3"
2025-07-23T00:01:01 player: played "Konai - Bêbados Apaixonados.mp3"
2025-07-23T19:44:53 player: played "Konai - Bêbados Apaixonados.mp3"
2025-07-23T20:16:07 player: played "Konai - Bêbados Apaixonados.mp3"
2025-07-23T20:19:12 player: played "girl in red - we fell in love in october.mp3"
2025-07-23T20:21:25 player: played "Nick Saraiva - Natsuki.mp3"
2025-07-23T20:24:51 player: played "kamaitachi - Alice.mp3"
2025-07-23T20:28:29 player: played "Dido - Thank You.mp3"
2025-07-23T20:30:48 player: played "Thegust Mc's - Meio a Meio.mp3"
2025-07-23T20:33:54 player: played "高橋あず美, Lotus Juice, アトラスサウンドチーム, ATLUS GAME MUSIC - It's Going Down Now.mp3"
2025-07-23T20:58:25 player: played "twikipedia - anyone but you.mp3"
2025-07-23T21:02:15 player: played "Bohnes - Middle Finger.mp3"
2025-07-23T21:06:48 player: played "結束バンド - 惑う星.mp3"
2025-07-23T21:11:07 player: played "結束バンド - 今、僕、アンダーグラウンドから.mp3"
2025-07-23T21:13:51 player: played "Arizona Zervas - ROXANNE.mp3"
2025-07-23T21:16:01 player: played "Magyn - kyoto.mp3"
2025-07-23T21:17:59 player: played "Braxton Knight, levi - BOCCHI THE ROCK!.mp3"
2025-07-23T21:22:22 player: played "Isaa Corva, Sugi Aoki - Die With A Smile.mp3"
2025-07-23T21:26:26 player: played "Get Scared - Mess.mp3"
2025-07-23T21:28:27 player: played "Thegust Mc's - Meio a Meio II.mp3"
2025-07-23T21:30:54 player: played "ikilledgenji, Rivatto - mil e uma noites.mp3"
2025-07-23T21:33:07 player: played "klouvz, Raryfer, CT - tesla.mp3"
2025-07-23T21:35:34 player: played "ThxSoMch - SPIT IN MY FACE!.mp3"
2025-07-23T21:38:24 player: played "Konai, Kadu Brown - Cidade Lunar.mp3"
2025-07-23T21:42:48 player: played "Matuê - Anos Luz.mp3"
2025-07-23T21:46:12 player: played "Pastel Ghost - Embrace.mp3"
2025-07-23T21:49:49 player: played "Shiny_sz, oShaman - Acordes e Sons.mp3"
2025-07-23T21:53:29 player: played "VMZ - Suzume.mp3"
2025-07-23T21:55:54 player: played "$uicideboy$ - Kill Yourself (Part III).mp3"
2025-07-23T22:00:56 player: played "Nirvana - Smells Like Teen Spirit.mp3"
2025-07-23T22:03:09 player: played "Big Rush - A Última Queda do Amor.mp3"
2025-07-23T22:08:33 player: played "luunalune - another reason why.mp3"
2025-07-23T22:58:15 player: played "nihmune, Shylily, Bao The Whale, Neuro-sama, camila, Lucy Pyre, evil - Bottom 2.mp3"
2025-07-24T00:34:26 player: played "nihmune, Shylily, Bao The Whale, Neuro-sama, camila, Lucy Pyre, evil - Bottom 2.mp3"
2025-07-24T21:02:44 player: played "Nick Saraiva - Natsuki.mp3"
2025-07-24T21:04:38 player: played "Big Rush - A Última Queda do Amor.mp3"
2025-07-24T21:10:02 player: played "luunalune - another reason why.mp3"
2025-07-24T21:38:22 player: played "Big Rush, VirginGod - SÓLIDO.mp3"
2025-07-24T21:41:05 player: played "Arizona Zervas - ROXANNE.mp3"
2025-07-24T21:44:44 player: played "Nirvana - Come As You Are.mp3"
2025-07-24T21:49:33 player: played "timmies, Shiloh Dynasty - Tell Me Why I'm Waiting.mp3"
2025-07-24T21:53:09 player: played "Get Scared - Moving.mp3"
2025-07-24T21:56:34 player: played "Carlie Hanson - 608.mp3"
2025-07-24T22:00:14 player: played "VMZ - Suzume.mp3"
2025-07-24T22:02:40 player: played "twikipedia, SEBii - hotel.mp3"
2025-07-24T22:05:26 player: played "LKZ na Voz - Vampira.mp3"
2025-07-24T22:08:32 player: played "高橋あず美, Lotus Juice, アトラスサウンドチーム, ATLUS GAME MUSIC - It's Going Down Now.mp3"
2025-07-24T22:12:50 player: played "結束バンド - 星座になれたら.mp3"
2025-07-24T22:14:13 player: played "loreskrr - Butterfly.mp3"
2025-07-24T22:16:23 player: played "VirginGod, twikipedia - neymar.mp3"
2025-07-24T22:20:17 player: played "klouvz, Raryfer, CT - tesla.mp3"
2025-07-24T22:22:36 player: played "Dybbukk - Enim er'u.mp3"
2025-07-24T22:24:55 player: played "BONES - HDMI.mp3"
2025-07-24T22:27:52 player: played "Get Scared - Voodoo.mp3"
2025-07-24T22:32:02 player: played "twikipedia - final feliz.mp3"
2025-07-24T22:37:05 player: played "kamaitachi - Alice.mp3"
2025-07-24T22:40:38 player: played "結束バンド - あのバンド.mp3"
2025-07-24T22:43:05 player: played "Surf Curse - Freaks.mp3"
2025-07-24T22:45:52 player: played "lilgiela33 - Merdas Acontecem.mp3"
2025-07-24T22:48:00 player: played "Konai - Te Vi na Rua Ontem.mp3"
2025-07-24T22:51:11 player: played "VMZ, Sadstation - A Dama e o Vagabundo.mp3"
2025-07-24T22:54:23 player: played "Lutz, Lookalike - Cura.mp3"
2025-07-24T22:57:09 player: played "Sadstation, Zant - Tô Meio Apaixonado.mp3"
2025-07-24T23:00:50 player: played "Get Scared - Parade.mp3"
2025-07-24T23:04:36 player: played "twikipedia, funeral - titles.mp3"
2025-07-24T23:06:34 player: played "Braxton Knight, levi - BOCCHI THE ROCK!.mp3"
2025-07-24T23:08:59 player: played "$uicideboy$ - Kill Yourself (Part III).mp3"
2025-07-24T23:11:31 player: played "twikipedia - figure me out.mp3"
2025-07-24T23:13:53 player: played "KayBlack, Wall Hein, AMUSIK - Maturidade.mp3"
2025-07-25T00:08:23 player: played "Blxck - Canônico, Miguel O'Hara.mp3"
2025-07-25T18:19:06 player: played "Blxck - Canônico, Miguel O'Hara.mp3"
2025-07-25T18:21:20 player: played "Nick Saraiva - Natsuki.mp3"
2025-07-25T18:24:45 player: played "Carlie Hanson - 608.mp3"
2025-07-25T18:28:05 player: played "LorShaw, Jayeric - Dragões.mp3"
2025-07-25T18:29:54 player: played "Warlord Colossus, Dozy Doe - Burn The Ships.mp3"
2025-07-25T18:32:10 player: played "Big Rush, VirginGod - SÓLIDO.mp3"
2025-07-25T18:34:53 player: played "Cjbeards - Maestro.mp3"
2025-07-25T18:37:45 player: played "kamaitachi - Lana.mp3"
2025-07-25T18:40:04 player: played "BONES - HDMI.mp3"
2025-07-25T18:42:03 player: played "Braxton Knight, levi - BOCCHI THE ROCK!.mp3"
2025-07-25T18:45:28 player: played "PinocchioP - God-ish.mp3"
2025-07-25T18:50:45 player: played "KayBlack, Wall Hein, AMUSIK - Maturidade.mp3"
2025-07-25T18:53:04 player: played "Thegust Mc's - Meio a Meio.mp3"
2025-07-25T18:57:14 player: played "twikipedia - final feliz.mp3"
2025-07-25T19:01:33 player: played "結束バンド - 今、僕、アンダーグラウンドから.mp3"
2025-07-25T19:04:14 player: played "Veigh, Niink, Bvga Beatz, Supernova Ent, JHXW - Clickbait.mp3"
2025-07-25T19:06:34 player: played "Yago Oproprio, Rô Rosa, Skeeter Beats - Imprevisto.mp3"
2025-07-25T19:13:47 player: played "結束バンド - 星座になれたら.mp3"
2025-07-25T19:16:59 player: played "Lutz, Lookalike - Cura.mp3"
2025-07-25T19:22:42 player: played "Pearl Jam - Black.mp3"
2025-07-25T19:25:04 player: played "INTERWORLD - METAMORPHOSIS.mp3"
2025-07-25T22:19:49 player: played "Big Rush - Poxa.mp3"
2025-07-25T23:35:04 player: played "Big Rush - Poxa.mp3"
2025-07-26T17:18:32 player: played "Big Rush - Poxa.mp3"
2025-07-26T18:52:51 player: played "VirginGod, twikipedia - neymar.mp3"
2025-07-26T18:56:33 player: played "Matuê, Rich The Kid - Conexões de Máfia (feat. Rich The Kid).mp3"
2025-07-26T18:57:56 player: played "loreskrr - Butterfly.mp3"
2025-07-26T19:01:43 player: played "Iron Master, Eveline Teach - Para Todo Sempre  MiSide  Iron Master.mp3"
2025-07-26T19:03:57 player: played "Nick Saraiva - Natsuki.mp3"
2025-07-26T19:06:19 player: played "KayBlack, Wall Hein, AMUSIK - Maturidade.mp3"
2025-07-26T19:11:45 player: played "Men I Trust - Show Me How.mp3"
2025-07-26T19:14:31 player: played "LKZ na Voz - Vampira.mp3"
2025-07-26T19:18:46 player: played "Isaa Corva, Sugi Aoki - Die With A Smile.mp3"
2025-07-26T19:20:55 player: played "Magyn - kyoto.mp3"
2025-07-26T19:23:14 player: played "Big Rush - Eu posso ser mais.mp3"
2025-07-26T19:26:20 player: played "高橋あず美, Lotus Juice, アトラスサウンドチーム, ATLUS GAME MUSIC - It's Going Down Now.mp3"
2025-07-26T19:28:40 player: played "Thegust Mc's - Meio a Meio.mp3"
2025-07-26T19:32:03 player: played "girl in red - we fell in love in october.mp3"
2025-07-26T19:35:18 player: played "Kudasaibeats - The Girl I Haven't Met.mp3"
2025-07-26T19:38:08 player: played "Get Scared - Fail.mp3"
2025-07-26T19:39:50 player: played "VirginGod - deixe seu recado.mp3"
2025-07-26T19:42:14 player: played "twikipedia, funeral - titles.mp3"
2025-07-26T19:43:50 player: played "TOKYOPILL - Club Cyberia.mp3"
2025-07-26T19:49:14 player: played "luunalune - another reason why.mp3"
2025-07-26T19:53:02 player: played "Dj Gui Marques - Ai Minha Bucetinha.mp3"
2025-07-26T19:55:06 player: played "timmies, Shiloh Dynasty - Tell Me Why I'm Waiting.mp3"
2025-07-26T19:58:42 player: played "Get Scared - Moving.mp3"
2025-07-26T20:03:34 player: played "Sid, NOG, André Nine, Chiocki - Sitio do Tio Harry.mp3"
2025-07-26T20:07:09 player: played "Lana Del Rey - Radio.mp3"
2025-07-26T20:10:27 player: played "twikipedia - anyone but you.mp3"
2025-07-26T20:14:23 player: played "Evanescence - Bring Me To Life.mp3"
2025-07-26T20:18:00 player: played "Shiny_sz, oShaman - Acordes e Sons.mp3"
2025-07-26T20:22:33 player: played "結束バンド - 惑う星.mp3"
2025-07-26T20:26:16 player: played "MISSIO - Twisted.mp3"
2025-07-26T22:17:20 player: played "twikipedia - understand.mp3"
2025-07-27T00:21:41 player: played "twikipedia - understand.mp3"
2025-07-27T01:10:15 player: played "twikipedia - understand.mp3"
2025-07-27T01:12:35 player: played "Veigh, Bvga Beatz, Prod Malax, Supernova Ent - Novo Balanço.mp3"
2025-07-27T01:15:10 player: played "DaniBoy., Stone021 - Planos (SpeedPlug).mp3"
2025-07-27T01:16:51 player: played "VirginGod - deixe seu recado.mp3"
2025-07-27T01:35:20 player: played "Blxck - Canônico, Miguel O'Hara.mp3"
2025-07-27T21:35:59 player: played "Blxck - Canônico, Miguel O'Hara.mp3"
2025-07-27T21:39:48 player: played "結束バンド - ギターと孤独と蒼い惑星.mp3"
2025-07-27T21:41:44 player: played "twikipedia - understand.mp3"
2025-07-27T21:46:17 player: played "Duzz, Rubro - Patrício's.mp3"
2025-07-27T21:50:05 player: played "Iron Master, Eveline Teach - Para Todo Sempre  MiSide  Iron Master.mp3"
2025-07-27T21:55:47 player: played "Pearl Jam - Black.mp3"
2025-07-27T22:00:05 player: played "結束バンド - 星座になれたら.mp3"
2025-07-27T22:03:10 player: played "VirginGod, Big Rush - Amor & Drogas.mp3"
2025-07-27T22:06:17 player: played "miseryswin - feiticeiro (eu merecia essa dança tanto assim).mp3"
2025-07-27T22:08:11 player: played "Big Rush - A Última Queda do Amor.mp3"
2025-07-27T22:11:07 player: played "Get Scared - Voodoo.mp3"
2025-07-27T22:13:32 player: played "$uicideboy$ - Kill Yourself (Part III).mp3"
2025-07-27T22:43:05 player: played "TOKYOPILL - Let's All Love Lain.mp3"
2025-07-27T22:45:32 player: played "Surf Curse - Freaks.mp3"
2025-07-27T22:49:11 player: played "Nirvana - Come As You Are.mp3"
2025-07-27T22:52:37 player: played "kamaitachi - Alice.mp3"
2025-07-27T22:54:45 player: played "Mitski - Washing Machine Heart.mp3"
2025-07-27T22:58:14 player: played "Matuê - Like This!.mp3"
2025-07-27T23:00:42 player: played "ThxSoMch - SPIT IN MY FACE!.mp3"
2025-07-27T23:03:52 player: played "VMZ, Sadstation - A Dama e o Vagabundo.mp3"
2025-07-27T23:07:27 player: played "Lana Del Rey - Radio.mp3"
2025-07-27T23:10:10 player: played "Cjbeards - Maestro.mp3"
2025-07-27T23:14:13 player: played "Get Scared - Mess.mp3"
2025-07-27T23:17:56 player: played "MISSIO - Twisted.mp3"
2025-07-27T23:18:53 player: played "Vansire - From the Subway Train.mp3"
2025-07-27T23:21:43 player: played "TakaB - Rei dos Pesadelos.mp3"
2025-07-27T23:26:34 player: played "Sid, NOG, André Nine, Chiocki - Sitio do Tio Harry.mp3"
2025-07-27T23:29:46 player: played "Glorb - The Bottom 3.mp3"
2025-07-28T01:46:21 player: played "Sadstation, Zant - Tô Meio Apaixonado.mp3"
2025-07-28T19:00:14 player: played "Sadstation, Zant - Tô Meio Apaixonado.mp3"
2025-07-28T19:06:00 player: played "Lil Peep - Life is Beautiful.mp3"
2025-07-28T19:08:56 player: played "Get Scared - Voodoo.mp3"
2025-07-28T19:11:09 player: played "klouvz, Raryfer, CT - tesla.mp3"
2025-07-28T19:16:52 player: played "Pearl Jam - Black.mp3"
2025-07-28T19:19:05 player: played "Nick Saraiva - Natsuki.mp3"
2025-07-28T19:21:25 player: played "Yago Oproprio, Rô Rosa, Skeeter Beats - Imprevisto.mp3"
2025-07-28T19:25:39 player: played "Isaa Corva, Sugi Aoki - Die With A Smile.mp3"
2025-07-28T19:29:21 player: played "Matuê, Rich The Kid - Conexões de Máfia (feat. Rich The Kid).mp3"
2025-07-28T19:33:54 player: played "Duzz, Rubro - Patrício's.mp3"
2025-07-28T19:36:29 player: played "Get Scared - Mess.mp3"
2025-07-29T02:00:45 player: played "Get Scared - Mess.mp3"
2025-07-29T11:24:53 player: played "Get Scared - Mess.mp3"
2025-07-29T14:23:50 player: played "Get Scared - Mess.mp3"
2025-07-29T16:40:28 player: played "Matuê, Rich The Kid - Conexões de Máfia (feat. Rich The Kid).mp3"
2025-07-29T21:21:11 player: played "Matuê, Rich The Kid - Conexões de Máfia (feat. Rich The Kid).mp3"
2025-07-29T21:56:54 player: played "Matuê, Rich The Kid - Conexões de Máfia (feat. Rich The Kid).mp3"
2025-07-29T22:29:10 player: played "Magyn - kyoto.mp3"
2025-07-29T22:31:49 player: played "Big Rush, Plumasdecera - BAIXA TEMPERATURA.mp3"
2025-07-29T22:34:12 player: played "INTERWORLD - METAMORPHOSIS.mp3"
2025-07-29T22:37:01 player: played "TakaB - Rei dos Pesadelos.mp3"
2025-07-29T23:47:13 player: played "Matuê - Anos Luz.mp3"
2025-07-30T01:31:31 player: played "Matuê - Anos Luz.mp3"
2025-07-31T15:28:14 player: played "Matuê - Anos Luz.mp3"
