hyprland
hyprpicker
hyprlock
hyprutils
hypridle
python-pillow
python-materialyoucolor-git
python-gobject
python-pywalfox
pywal-git
swaync
waybar
vesktop
imagemagick
swww 
tmux
rofi-wayland
zen-browser-bin
neovim 
foot
eza
fish
#zsh
#oh-my-zsh-git
starship
zoxide
fzf
mpv
qt5-quickcontrols
qt5-quickcontrols2
qt5-graphicaleffects
ripgrep
bluez
bluez-utils
fastfetch
wl-clipboard
spotify
spicetify-cli
sddm
wlogout
slurp
swappy
jq
#polkit-gnome
obsidian
steam
udiskie
cava
networkmanager
brightnessctl

# Bluetooth
bluez
bluez-utils
blueman

# Screen Capture
wf-recorder
